2025-07-02 10:01:46.119 [restartedMain] INFO  c.payroll.texas.PayrollApplication - Starting PayrollApplication using Java 17.0.12 with PID 11908 (C:\Users\HP\Desktop\texas-payroll\gvkss-payrollbackend\payroll\target\classes started by HP in C:\Users\HP\Desktop\texas-payroll\gvkss-payrollbackend\payroll)
2025-07-02 10:01:46.127 [restartedMain] INFO  c.payroll.texas.PayrollApplication - No active profile set, falling back to 1 default profile: "default"
2025-07-02 10:01:46.206 [restartedMain] INFO  o.s.b.d.e.DevToolsPropertyDefaultsPostProcessor - Devtools property defaults active! Set 'spring.devtools.add-properties' to 'false' to disable
2025-07-02 10:01:46.206 [restartedMain] INFO  o.s.b.d.e.DevToolsPropertyDefaultsPostProcessor - For additional web related logging consider setting the 'logging.level.web' property to 'DEBUG'
2025-07-02 10:01:48.266 [restartedMain] INFO  o.s.b.w.e.tomcat.TomcatWebServer - Tomcat initialized with port 8080 (http)
2025-07-02 10:01:48.362 [restartedMain] INFO  o.s.b.w.s.c.ServletWebServerApplicationContext - Root WebApplicationContext: initialization completed in 2154 ms
2025-07-02 10:01:49.067 [restartedMain] INFO  org.flywaydb.core.FlywayExecutor - Database: jdbc:postgresql://localhost:5432/texas_payroll (PostgreSQL 17.5)
2025-07-02 10:01:49.245 [restartedMain] INFO  o.f.core.internal.command.DbMigrate - Current version of schema "public": 7
2025-07-02 10:01:49.266 [restartedMain] INFO  o.f.core.internal.command.DbMigrate - Migrating schema "public" to version "8 - Set all users active"
2025-07-02 10:01:49.310 [restartedMain] INFO  o.f.core.internal.command.DbMigrate - Successfully applied 1 migration to schema "public", now at version v8 (execution time 00:00.021s)
2025-07-02 10:01:50.103 [restartedMain] WARN  org.hibernate.orm.deprecation - HHH90000025: PostgreSQLDialect does not need to be specified explicitly using 'hibernate.dialect' (remove the property setting and it will be selected by default)
2025-07-02 10:01:52.948 [restartedMain] WARN  o.s.b.a.o.j.JpaBaseConfiguration$JpaWebConfiguration - spring.jpa.open-in-view is enabled by default. Therefore, database queries may be performed during view rendering. Explicitly configure spring.jpa.open-in-view to disable this warning
2025-07-02 10:01:53.376 [restartedMain] INFO  o.s.b.d.a.OptionalLiveReloadServer - LiveReload server is running on port 35729
2025-07-02 10:01:53.425 [restartedMain] INFO  o.s.b.w.e.tomcat.TomcatWebServer - Tomcat started on port 8080 (http) with context path '/'
2025-07-02 10:01:53.438 [restartedMain] INFO  c.payroll.texas.PayrollApplication - Started PayrollApplication in 8.481 seconds (process running for 9.887)
2025-07-02 10:23:52.148 [HikariPool-1:housekeeper] WARN  com.zaxxer.hikari.pool.HikariPool - HikariPool-1 - Thread starvation or clock leap detected (housekeeper delta=6m2s746ms83µs800ns).
2025-07-02 10:24:49.562 [http-nio-8080-exec-1] INFO  o.s.web.servlet.DispatcherServlet - Initializing Servlet 'dispatcherServlet'
2025-07-02 10:24:49.564 [http-nio-8080-exec-1] INFO  o.s.web.servlet.DispatcherServlet - Completed initialization in 2 ms
2025-07-02 10:26:33.949 [http-nio-8080-exec-8] INFO  c.payroll.texas.service.AuthService - Login attempt for email: dinesh.n@gvkss.com
2025-07-02 10:26:34.300 [http-nio-8080-exec-8] INFO  c.payroll.texas.service.AuthService - Login successful for user: dinesh.n@gvkss.com (ID: 6)
2025-07-02 10:53:23.710 [HikariPool-1:housekeeper] WARN  com.zaxxer.hikari.pool.HikariPool - HikariPool-1 - Thread starvation or clock leap detected (housekeeper delta=2m31s128ms467µs100ns).
2025-07-02 10:53:43.978 [File Watcher] INFO  o.s.b.d.a.LocalDevToolsAutoConfiguration$RestartingClassPathChangeChangedEventListener - Restarting due to 5 class path changes (2 additions, 0 deletions, 3 modifications)
2025-07-02 10:53:43.982 [Thread-5] INFO  o.s.b.w.e.tomcat.GracefulShutdown - Commencing graceful shutdown. Waiting for active requests to complete
2025-07-02 10:53:44.123 [tomcat-shutdown] INFO  o.s.b.w.e.tomcat.GracefulShutdown - Graceful shutdown complete
2025-07-02 10:53:44.261 [restartedMain] INFO  c.payroll.texas.PayrollApplication - Starting PayrollApplication using Java 17.0.12 with PID 11908 (C:\Users\HP\Desktop\texas-payroll\gvkss-payrollbackend\payroll\target\classes started by HP in C:\Users\HP\Desktop\texas-payroll\gvkss-payrollbackend\payroll)
2025-07-02 10:53:44.261 [restartedMain] INFO  c.payroll.texas.PayrollApplication - No active profile set, falling back to 1 default profile: "default"
2025-07-02 10:53:44.644 [restartedMain] INFO  o.s.b.w.e.tomcat.TomcatWebServer - Tomcat initialized with port 8080 (http)
2025-07-02 10:53:44.660 [restartedMain] INFO  o.s.b.w.s.c.ServletWebServerApplicationContext - Root WebApplicationContext: initialization completed in 397 ms
2025-07-02 10:53:44.743 [restartedMain] INFO  org.flywaydb.core.FlywayExecutor - Database: jdbc:postgresql://localhost:5432/texas_payroll (PostgreSQL 17.5)
2025-07-02 10:53:44.812 [restartedMain] INFO  o.f.core.internal.command.DbMigrate - Current version of schema "public": 8
2025-07-02 10:53:44.812 [restartedMain] INFO  o.f.core.internal.command.DbMigrate - Schema "public" is up to date. No migration necessary.
2025-07-02 10:53:44.847 [restartedMain] WARN  org.hibernate.orm.deprecation - HHH90000025: PostgreSQLDialect does not need to be specified explicitly using 'hibernate.dialect' (remove the property setting and it will be selected by default)
2025-07-02 10:53:45.171 [restartedMain] WARN  o.s.b.a.o.j.JpaBaseConfiguration$JpaWebConfiguration - spring.jpa.open-in-view is enabled by default. Therefore, database queries may be performed during view rendering. Explicitly configure spring.jpa.open-in-view to disable this warning
2025-07-02 10:53:45.284 [restartedMain] INFO  o.s.b.d.a.OptionalLiveReloadServer - LiveReload server is running on port 35729
2025-07-02 10:53:45.296 [restartedMain] INFO  o.s.b.w.e.tomcat.TomcatWebServer - Tomcat started on port 8080 (http) with context path '/'
2025-07-02 10:53:45.301 [restartedMain] INFO  c.payroll.texas.PayrollApplication - Started PayrollApplication in 1.08 seconds (process running for 3121.75)
2025-07-02 10:53:45.305 [restartedMain] INFO  o.s.b.d.a.ConditionEvaluationDeltaLoggingListener - Condition evaluation unchanged
2025-07-02 10:54:10.387 [RMI TCP Connection(59)-127.0.0.1] INFO  o.s.b.a.SpringApplicationAdminMXBeanRegistrar$SpringApplicationAdmin - Application shutdown requested.
2025-07-02 10:54:10.388 [RMI TCP Connection(59)-127.0.0.1] INFO  o.s.b.w.e.tomcat.GracefulShutdown - Commencing graceful shutdown. Waiting for active requests to complete
2025-07-02 10:54:10.535 [tomcat-shutdown] INFO  o.s.b.w.e.tomcat.GracefulShutdown - Graceful shutdown complete
2025-07-02 10:54:16.891 [restartedMain] INFO  c.payroll.texas.PayrollApplication - Starting PayrollApplication using Java 17.0.12 with PID 21260 (C:\Users\HP\Desktop\texas-payroll\gvkss-payrollbackend\payroll\target\classes started by HP in C:\Users\HP\Desktop\texas-payroll\gvkss-payrollbackend\payroll)
2025-07-02 10:54:16.893 [restartedMain] INFO  c.payroll.texas.PayrollApplication - No active profile set, falling back to 1 default profile: "default"
2025-07-02 10:54:16.932 [restartedMain] INFO  o.s.b.d.e.DevToolsPropertyDefaultsPostProcessor - Devtools property defaults active! Set 'spring.devtools.add-properties' to 'false' to disable
2025-07-02 10:54:16.934 [restartedMain] INFO  o.s.b.d.e.DevToolsPropertyDefaultsPostProcessor - For additional web related logging consider setting the 'logging.level.web' property to 'DEBUG'
2025-07-02 10:54:18.029 [restartedMain] INFO  o.s.b.w.e.tomcat.TomcatWebServer - Tomcat initialized with port 8080 (http)
2025-07-02 10:54:18.082 [restartedMain] INFO  o.s.b.w.s.c.ServletWebServerApplicationContext - Root WebApplicationContext: initialization completed in 1148 ms
2025-07-02 10:54:18.501 [restartedMain] INFO  org.flywaydb.core.FlywayExecutor - Database: jdbc:postgresql://localhost:5432/texas_payroll (PostgreSQL 17.5)
2025-07-02 10:54:18.612 [restartedMain] INFO  o.f.core.internal.command.DbMigrate - Current version of schema "public": 8
2025-07-02 10:54:18.620 [restartedMain] INFO  o.f.core.internal.command.DbMigrate - Schema "public" is up to date. No migration necessary.
2025-07-02 10:54:19.204 [restartedMain] WARN  org.hibernate.orm.deprecation - HHH90000025: PostgreSQLDialect does not need to be specified explicitly using 'hibernate.dialect' (remove the property setting and it will be selected by default)
2025-07-02 10:54:21.087 [restartedMain] WARN  o.s.b.a.o.j.JpaBaseConfiguration$JpaWebConfiguration - spring.jpa.open-in-view is enabled by default. Therefore, database queries may be performed during view rendering. Explicitly configure spring.jpa.open-in-view to disable this warning
2025-07-02 10:54:21.396 [restartedMain] INFO  o.s.b.d.a.OptionalLiveReloadServer - LiveReload server is running on port 35729
2025-07-02 10:54:21.429 [restartedMain] INFO  o.s.b.w.e.tomcat.TomcatWebServer - Tomcat started on port 8080 (http) with context path '/'
2025-07-02 10:54:21.437 [restartedMain] INFO  c.payroll.texas.PayrollApplication - Started PayrollApplication in 5.055 seconds (process running for 5.725)
2025-07-02 10:57:47.715 [File Watcher] INFO  o.s.b.d.a.LocalDevToolsAutoConfiguration$RestartingClassPathChangeChangedEventListener - Restarting due to 2 class path changes (0 additions, 0 deletions, 2 modifications)
2025-07-02 10:57:47.722 [Thread-5] INFO  o.s.b.w.e.tomcat.GracefulShutdown - Commencing graceful shutdown. Waiting for active requests to complete
2025-07-02 10:57:47.865 [tomcat-shutdown] INFO  o.s.b.w.e.tomcat.GracefulShutdown - Graceful shutdown complete
2025-07-02 10:57:47.966 [restartedMain] INFO  c.payroll.texas.PayrollApplication - Starting PayrollApplication using Java 17.0.12 with PID 21260 (C:\Users\HP\Desktop\texas-payroll\gvkss-payrollbackend\payroll\target\classes started by HP in C:\Users\HP\Desktop\texas-payroll\gvkss-payrollbackend\payroll)
2025-07-02 10:57:47.966 [restartedMain] INFO  c.payroll.texas.PayrollApplication - No active profile set, falling back to 1 default profile: "default"
2025-07-02 10:57:48.304 [restartedMain] INFO  o.s.b.w.e.tomcat.TomcatWebServer - Tomcat initialized with port 8080 (http)
2025-07-02 10:57:48.318 [restartedMain] INFO  o.s.b.w.s.c.ServletWebServerApplicationContext - Root WebApplicationContext: initialization completed in 350 ms
2025-07-02 10:57:48.412 [restartedMain] INFO  org.flywaydb.core.FlywayExecutor - Database: jdbc:postgresql://localhost:5432/texas_payroll (PostgreSQL 17.5)
2025-07-02 10:57:48.492 [restartedMain] INFO  o.f.core.internal.command.DbMigrate - Current version of schema "public": 8
2025-07-02 10:57:48.493 [restartedMain] INFO  o.f.core.internal.command.DbMigrate - Schema "public" is up to date. No migration necessary.
2025-07-02 10:57:48.551 [restartedMain] WARN  org.hibernate.orm.deprecation - HHH90000025: PostgreSQLDialect does not need to be specified explicitly using 'hibernate.dialect' (remove the property setting and it will be selected by default)
2025-07-02 10:57:48.948 [restartedMain] WARN  o.s.b.a.o.j.JpaBaseConfiguration$JpaWebConfiguration - spring.jpa.open-in-view is enabled by default. Therefore, database queries may be performed during view rendering. Explicitly configure spring.jpa.open-in-view to disable this warning
2025-07-02 10:57:49.050 [restartedMain] INFO  o.s.b.d.a.OptionalLiveReloadServer - LiveReload server is running on port 35729
2025-07-02 10:57:49.061 [restartedMain] INFO  o.s.b.w.e.tomcat.TomcatWebServer - Tomcat started on port 8080 (http) with context path '/'
2025-07-02 10:57:49.067 [restartedMain] INFO  c.payroll.texas.PayrollApplication - Started PayrollApplication in 1.142 seconds (process running for 213.353)
2025-07-02 10:57:49.070 [restartedMain] INFO  o.s.b.d.a.ConditionEvaluationDeltaLoggingListener - Condition evaluation unchanged
2025-07-02 11:00:33.219 [File Watcher] INFO  o.s.b.d.a.LocalDevToolsAutoConfiguration$RestartingClassPathChangeChangedEventListener - Restarting due to 1 class path change (0 additions, 0 deletions, 1 modification)
2025-07-02 11:00:33.219 [Thread-7] INFO  o.s.b.w.e.tomcat.GracefulShutdown - Commencing graceful shutdown. Waiting for active requests to complete
2025-07-02 11:00:33.353 [tomcat-shutdown] INFO  o.s.b.w.e.tomcat.GracefulShutdown - Graceful shutdown complete
2025-07-02 11:00:33.443 [restartedMain] INFO  c.payroll.texas.PayrollApplication - Starting PayrollApplication using Java 17.0.12 with PID 21260 (C:\Users\HP\Desktop\texas-payroll\gvkss-payrollbackend\payroll\target\classes started by HP in C:\Users\HP\Desktop\texas-payroll\gvkss-payrollbackend\payroll)
2025-07-02 11:00:33.443 [restartedMain] INFO  c.payroll.texas.PayrollApplication - No active profile set, falling back to 1 default profile: "default"
2025-07-02 11:00:33.796 [restartedMain] INFO  o.s.b.w.e.tomcat.TomcatWebServer - Tomcat initialized with port 8080 (http)
2025-07-02 11:00:33.812 [restartedMain] INFO  o.s.b.w.s.c.ServletWebServerApplicationContext - Root WebApplicationContext: initialization completed in 367 ms
2025-07-02 11:00:33.901 [restartedMain] INFO  org.flywaydb.core.FlywayExecutor - Database: jdbc:postgresql://localhost:5432/texas_payroll (PostgreSQL 17.5)
2025-07-02 11:00:33.970 [restartedMain] INFO  o.f.core.internal.command.DbMigrate - Current version of schema "public": 8
2025-07-02 11:00:33.970 [restartedMain] INFO  o.f.core.internal.command.DbMigrate - Schema "public" is up to date. No migration necessary.
2025-07-02 11:00:33.988 [restartedMain] WARN  org.hibernate.orm.deprecation - HHH90000025: PostgreSQLDialect does not need to be specified explicitly using 'hibernate.dialect' (remove the property setting and it will be selected by default)
2025-07-02 11:00:34.318 [restartedMain] WARN  o.s.b.a.o.j.JpaBaseConfiguration$JpaWebConfiguration - spring.jpa.open-in-view is enabled by default. Therefore, database queries may be performed during view rendering. Explicitly configure spring.jpa.open-in-view to disable this warning
2025-07-02 11:00:34.396 [restartedMain] INFO  o.s.b.d.a.OptionalLiveReloadServer - LiveReload server is running on port 35729
2025-07-02 11:00:34.417 [restartedMain] INFO  o.s.b.w.e.tomcat.TomcatWebServer - Tomcat started on port 8080 (http) with context path '/'
2025-07-02 11:00:34.425 [restartedMain] INFO  c.payroll.texas.PayrollApplication - Started PayrollApplication in 1.031 seconds (process running for 378.711)
2025-07-02 11:00:34.426 [restartedMain] INFO  o.s.b.d.a.ConditionEvaluationDeltaLoggingListener - Condition evaluation unchanged
2025-07-02 11:01:17.402 [RMI TCP Connection(23)-127.0.0.1] INFO  o.s.b.a.SpringApplicationAdminMXBeanRegistrar$SpringApplicationAdmin - Application shutdown requested.
2025-07-02 11:01:17.403 [RMI TCP Connection(23)-127.0.0.1] INFO  o.s.b.w.e.tomcat.GracefulShutdown - Commencing graceful shutdown. Waiting for active requests to complete
2025-07-02 11:01:17.538 [tomcat-shutdown] INFO  o.s.b.w.e.tomcat.GracefulShutdown - Graceful shutdown complete
2025-07-02 11:18:09.752 [restartedMain] INFO  c.payroll.texas.PayrollApplication - Starting PayrollApplication using Java 17.0.12 with PID 21628 (C:\Users\HP\Desktop\texas-payroll\gvkss-payrollbackend\payroll\target\classes started by HP in C:\Users\HP\Desktop\texas-payroll\gvkss-payrollbackend\payroll)
2025-07-02 11:18:09.754 [restartedMain] INFO  c.payroll.texas.PayrollApplication - No active profile set, falling back to 1 default profile: "default"
2025-07-02 11:18:09.791 [restartedMain] INFO  o.s.b.d.e.DevToolsPropertyDefaultsPostProcessor - Devtools property defaults active! Set 'spring.devtools.add-properties' to 'false' to disable
2025-07-02 11:18:09.792 [restartedMain] INFO  o.s.b.d.e.DevToolsPropertyDefaultsPostProcessor - For additional web related logging consider setting the 'logging.level.web' property to 'DEBUG'
2025-07-02 11:18:10.940 [restartedMain] INFO  o.s.b.w.e.tomcat.TomcatWebServer - Tomcat initialized with port 8080 (http)
2025-07-02 11:18:10.994 [restartedMain] INFO  o.s.b.w.s.c.ServletWebServerApplicationContext - Root WebApplicationContext: initialization completed in 1201 ms
2025-07-02 11:18:11.408 [restartedMain] INFO  org.flywaydb.core.FlywayExecutor - Database: jdbc:postgresql://localhost:5432/texas_payroll (PostgreSQL 17.5)
2025-07-02 11:18:11.518 [restartedMain] INFO  o.f.core.internal.command.DbMigrate - Current version of schema "public": 8
2025-07-02 11:18:11.523 [restartedMain] INFO  o.f.core.internal.command.DbMigrate - Schema "public" is up to date. No migration necessary.
2025-07-02 11:18:11.988 [restartedMain] WARN  org.hibernate.orm.deprecation - HHH90000025: PostgreSQLDialect does not need to be specified explicitly using 'hibernate.dialect' (remove the property setting and it will be selected by default)
2025-07-02 11:18:13.890 [restartedMain] WARN  o.s.b.a.o.j.JpaBaseConfiguration$JpaWebConfiguration - spring.jpa.open-in-view is enabled by default. Therefore, database queries may be performed during view rendering. Explicitly configure spring.jpa.open-in-view to disable this warning
2025-07-02 11:18:14.190 [restartedMain] INFO  o.s.b.d.a.OptionalLiveReloadServer - LiveReload server is running on port 35729
2025-07-02 11:18:14.228 [restartedMain] INFO  o.s.b.w.e.tomcat.TomcatWebServer - Tomcat started on port 8080 (http) with context path '/'
2025-07-02 11:18:14.238 [restartedMain] INFO  c.payroll.texas.PayrollApplication - Started PayrollApplication in 5.008 seconds (process running for 5.522)
2025-07-02 11:18:36.552 [http-nio-8080-exec-1] INFO  o.s.web.servlet.DispatcherServlet - Initializing Servlet 'dispatcherServlet'
2025-07-02 11:18:36.557 [http-nio-8080-exec-1] INFO  o.s.web.servlet.DispatcherServlet - Completed initialization in 5 ms
2025-07-02 11:31:00.841 [http-nio-8080-exec-2] INFO  c.payroll.texas.service.AuthService - Login attempt for email: dinesh.n@gvkss.com
2025-07-02 11:31:01.191 [http-nio-8080-exec-2] INFO  c.payroll.texas.service.AuthService - Login successful for user: dinesh.n@gvkss.com (ID: 6)
2025-07-02 11:36:05.933 [http-nio-8080-exec-4] INFO  c.payroll.texas.service.AuthService - Login attempt for email: dinesh.n@gvkss.com
2025-07-02 11:36:06.248 [http-nio-8080-exec-4] INFO  c.payroll.texas.service.AuthService - Login successful for user: dinesh.n@gvkss.com (ID: 6)
2025-07-02 11:36:55.466 [http-nio-8080-exec-6] INFO  c.payroll.texas.service.AuthService - Login attempt for email: dinesh.n@gvkss.com
2025-07-02 11:36:55.781 [http-nio-8080-exec-6] INFO  c.payroll.texas.service.AuthService - Login successful for user: dinesh.n@gvkss.com (ID: 6)
2025-07-02 11:44:22.128 [http-nio-8080-exec-4] INFO  c.payroll.texas.service.AuthService - Login attempt for email: dinesh.n@gvkss.com
2025-07-02 11:44:22.454 [http-nio-8080-exec-4] INFO  c.payroll.texas.service.AuthService - Login successful for user: dinesh.n@gvkss.com (ID: 6)
2025-07-02 11:44:22.565 [http-nio-8080-exec-8] WARN  o.s.w.s.m.s.DefaultHandlerExceptionResolver - Resolved [org.springframework.web.method.annotation.MethodArgumentTypeMismatchException: Method parameter 'id': Failed to convert value of type 'java.lang.String' to required type 'java.lang.Long'; For input string: "debug"]
2025-07-02 11:44:22.588 [http-nio-8080-exec-9] WARN  o.s.w.s.m.s.DefaultHandlerExceptionResolver - Resolved [org.springframework.web.method.annotation.MethodArgumentTypeMismatchException: Method parameter 'id': Failed to convert value of type 'java.lang.String' to required type 'java.lang.Long'; For input string: "debug"]
2025-07-02 11:44:26.363 [http-nio-8080-exec-3] WARN  o.s.w.s.m.s.DefaultHandlerExceptionResolver - Resolved [org.springframework.web.method.annotation.MethodArgumentTypeMismatchException: Method parameter 'id': Failed to convert value of type 'java.lang.String' to required type 'java.lang.Long'; For input string: "debug"]
2025-07-02 11:44:26.382 [http-nio-8080-exec-2] WARN  o.s.w.s.m.s.DefaultHandlerExceptionResolver - Resolved [org.springframework.web.method.annotation.MethodArgumentTypeMismatchException: Method parameter 'id': Failed to convert value of type 'java.lang.String' to required type 'java.lang.Long'; For input string: "debug"]
2025-07-02 11:46:09.785 [http-nio-8080-exec-7] WARN  o.s.w.s.m.s.DefaultHandlerExceptionResolver - Resolved [org.springframework.web.method.annotation.MethodArgumentTypeMismatchException: Method parameter 'id': Failed to convert value of type 'java.lang.String' to required type 'java.lang.Long'; For input string: "debug"]
2025-07-02 11:46:09.855 [http-nio-8080-exec-5] WARN  o.s.w.s.m.s.DefaultHandlerExceptionResolver - Resolved [org.springframework.web.method.annotation.MethodArgumentTypeMismatchException: Method parameter 'id': Failed to convert value of type 'java.lang.String' to required type 'java.lang.Long'; For input string: "debug"]
2025-07-02 11:47:11.688 [File Watcher] INFO  o.s.b.d.a.LocalDevToolsAutoConfiguration$RestartingClassPathChangeChangedEventListener - Restarting due to 15 class path changes (0 additions, 0 deletions, 15 modifications)
2025-07-02 11:47:11.692 [Thread-5] INFO  o.s.b.w.e.tomcat.GracefulShutdown - Commencing graceful shutdown. Waiting for active requests to complete
2025-07-02 11:47:11.833 [tomcat-shutdown] INFO  o.s.b.w.e.tomcat.GracefulShutdown - Graceful shutdown complete
2025-07-02 11:47:11.933 [restartedMain] INFO  c.payroll.texas.PayrollApplication - Starting PayrollApplication using Java 17.0.12 with PID 21628 (C:\Users\HP\Desktop\texas-payroll\gvkss-payrollbackend\payroll\target\classes started by HP in C:\Users\HP\Desktop\texas-payroll\gvkss-payrollbackend\payroll)
2025-07-02 11:47:11.934 [restartedMain] INFO  c.payroll.texas.PayrollApplication - No active profile set, falling back to 1 default profile: "default"
2025-07-02 11:47:12.223 [restartedMain] INFO  o.s.b.w.e.tomcat.TomcatWebServer - Tomcat initialized with port 8080 (http)
2025-07-02 11:47:12.242 [restartedMain] INFO  o.s.b.w.s.c.ServletWebServerApplicationContext - Root WebApplicationContext: initialization completed in 306 ms
2025-07-02 11:47:12.324 [restartedMain] INFO  org.flywaydb.core.FlywayExecutor - Database: jdbc:postgresql://localhost:5432/texas_payroll (PostgreSQL 17.5)
2025-07-02 11:47:12.396 [restartedMain] INFO  o.f.core.internal.command.DbMigrate - Current version of schema "public": 8
2025-07-02 11:47:12.396 [restartedMain] INFO  o.f.core.internal.command.DbMigrate - Schema "public" is up to date. No migration necessary.
2025-07-02 11:47:12.431 [restartedMain] WARN  org.hibernate.orm.deprecation - HHH90000025: PostgreSQLDialect does not need to be specified explicitly using 'hibernate.dialect' (remove the property setting and it will be selected by default)
2025-07-02 11:47:12.767 [restartedMain] WARN  o.s.b.a.o.j.JpaBaseConfiguration$JpaWebConfiguration - spring.jpa.open-in-view is enabled by default. Therefore, database queries may be performed during view rendering. Explicitly configure spring.jpa.open-in-view to disable this warning
2025-07-02 11:47:12.872 [restartedMain] INFO  o.s.b.d.a.OptionalLiveReloadServer - LiveReload server is running on port 35729
2025-07-02 11:47:12.884 [restartedMain] INFO  o.s.b.w.e.tomcat.TomcatWebServer - Tomcat started on port 8080 (http) with context path '/'
2025-07-02 11:47:12.890 [restartedMain] INFO  c.payroll.texas.PayrollApplication - Started PayrollApplication in 0.992 seconds (process running for 1744.174)
2025-07-02 11:47:12.893 [restartedMain] INFO  o.s.b.d.a.ConditionEvaluationDeltaLoggingListener - Condition evaluation unchanged
2025-07-02 11:47:13.222 [RMI TCP Connection(37)-127.0.0.1] INFO  o.s.b.a.SpringApplicationAdminMXBeanRegistrar$SpringApplicationAdmin - Application shutdown requested.
2025-07-02 11:47:13.223 [RMI TCP Connection(37)-127.0.0.1] INFO  o.s.b.w.e.tomcat.GracefulShutdown - Commencing graceful shutdown. Waiting for active requests to complete
2025-07-02 11:47:13.359 [tomcat-shutdown] INFO  o.s.b.w.e.tomcat.GracefulShutdown - Graceful shutdown complete
2025-07-02 11:47:17.356 [restartedMain] INFO  c.payroll.texas.PayrollApplication - Starting PayrollApplication using Java 17.0.12 with PID 13684 (C:\Users\HP\Desktop\texas-payroll\gvkss-payrollbackend\payroll\target\classes started by HP in C:\Users\HP\Desktop\texas-payroll\gvkss-payrollbackend\payroll)
2025-07-02 11:47:17.359 [restartedMain] INFO  c.payroll.texas.PayrollApplication - No active profile set, falling back to 1 default profile: "default"
2025-07-02 11:47:17.400 [restartedMain] INFO  o.s.b.d.e.DevToolsPropertyDefaultsPostProcessor - Devtools property defaults active! Set 'spring.devtools.add-properties' to 'false' to disable
2025-07-02 11:47:17.401 [restartedMain] INFO  o.s.b.d.e.DevToolsPropertyDefaultsPostProcessor - For additional web related logging consider setting the 'logging.level.web' property to 'DEBUG'
2025-07-02 11:47:18.553 [restartedMain] INFO  o.s.b.w.e.tomcat.TomcatWebServer - Tomcat initialized with port 8080 (http)
2025-07-02 11:47:18.605 [restartedMain] INFO  o.s.b.w.s.c.ServletWebServerApplicationContext - Root WebApplicationContext: initialization completed in 1204 ms
2025-07-02 11:47:19.018 [restartedMain] INFO  org.flywaydb.core.FlywayExecutor - Database: jdbc:postgresql://localhost:5432/texas_payroll (PostgreSQL 17.5)
2025-07-02 11:47:19.252 [restartedMain] INFO  o.f.core.internal.command.DbMigrate - Current version of schema "public": 8
2025-07-02 11:47:19.258 [restartedMain] INFO  o.f.core.internal.command.DbMigrate - Schema "public" is up to date. No migration necessary.
2025-07-02 11:47:19.728 [restartedMain] WARN  org.hibernate.orm.deprecation - HHH90000025: PostgreSQLDialect does not need to be specified explicitly using 'hibernate.dialect' (remove the property setting and it will be selected by default)
2025-07-02 11:47:21.624 [restartedMain] WARN  o.s.b.a.o.j.JpaBaseConfiguration$JpaWebConfiguration - spring.jpa.open-in-view is enabled by default. Therefore, database queries may be performed during view rendering. Explicitly configure spring.jpa.open-in-view to disable this warning
2025-07-02 11:47:21.945 [restartedMain] INFO  o.s.b.d.a.OptionalLiveReloadServer - LiveReload server is running on port 35729
2025-07-02 11:47:21.978 [restartedMain] INFO  o.s.b.w.e.tomcat.TomcatWebServer - Tomcat started on port 8080 (http) with context path '/'
2025-07-02 11:47:21.988 [restartedMain] INFO  c.payroll.texas.PayrollApplication - Started PayrollApplication in 5.129 seconds (process running for 5.673)
2025-07-02 11:48:50.088 [RMI TCP Connection(10)-127.0.0.1] INFO  o.s.b.a.SpringApplicationAdminMXBeanRegistrar$SpringApplicationAdmin - Application shutdown requested.
2025-07-02 11:48:50.088 [RMI TCP Connection(10)-127.0.0.1] INFO  o.s.b.w.e.tomcat.GracefulShutdown - Commencing graceful shutdown. Waiting for active requests to complete
2025-07-02 11:48:50.258 [tomcat-shutdown] INFO  o.s.b.w.e.tomcat.GracefulShutdown - Graceful shutdown complete
2025-07-02 11:48:54.312 [restartedMain] INFO  c.payroll.texas.PayrollApplication - Starting PayrollApplication using Java 17.0.12 with PID 16964 (C:\Users\HP\Desktop\texas-payroll\gvkss-payrollbackend\payroll\target\classes started by HP in C:\Users\HP\Desktop\texas-payroll\gvkss-payrollbackend\payroll)
2025-07-02 11:48:54.315 [restartedMain] INFO  c.payroll.texas.PayrollApplication - No active profile set, falling back to 1 default profile: "default"
2025-07-02 11:48:54.353 [restartedMain] INFO  o.s.b.d.e.DevToolsPropertyDefaultsPostProcessor - Devtools property defaults active! Set 'spring.devtools.add-properties' to 'false' to disable
2025-07-02 11:48:54.353 [restartedMain] INFO  o.s.b.d.e.DevToolsPropertyDefaultsPostProcessor - For additional web related logging consider setting the 'logging.level.web' property to 'DEBUG'
2025-07-02 11:48:55.466 [restartedMain] INFO  o.s.b.w.e.tomcat.TomcatWebServer - Tomcat initialized with port 8080 (http)
2025-07-02 11:48:55.520 [restartedMain] INFO  o.s.b.w.s.c.ServletWebServerApplicationContext - Root WebApplicationContext: initialization completed in 1166 ms
2025-07-02 11:48:55.939 [restartedMain] INFO  org.flywaydb.core.FlywayExecutor - Database: jdbc:postgresql://localhost:5432/texas_payroll (PostgreSQL 17.5)
2025-07-02 11:48:56.055 [restartedMain] INFO  o.f.core.internal.command.DbMigrate - Current version of schema "public": 8
2025-07-02 11:48:56.058 [restartedMain] INFO  o.f.core.internal.command.DbMigrate - Schema "public" is up to date. No migration necessary.
2025-07-02 11:48:56.507 [restartedMain] WARN  org.hibernate.orm.deprecation - HHH90000025: PostgreSQLDialect does not need to be specified explicitly using 'hibernate.dialect' (remove the property setting and it will be selected by default)
2025-07-02 11:48:58.388 [restartedMain] WARN  o.s.b.a.o.j.JpaBaseConfiguration$JpaWebConfiguration - spring.jpa.open-in-view is enabled by default. Therefore, database queries may be performed during view rendering. Explicitly configure spring.jpa.open-in-view to disable this warning
2025-07-02 11:48:58.708 [restartedMain] INFO  o.s.b.d.a.OptionalLiveReloadServer - LiveReload server is running on port 35729
2025-07-02 11:48:58.742 [restartedMain] INFO  o.s.b.w.e.tomcat.TomcatWebServer - Tomcat started on port 8080 (http) with context path '/'
2025-07-02 11:48:58.752 [restartedMain] INFO  c.payroll.texas.PayrollApplication - Started PayrollApplication in 4.957 seconds (process running for 5.482)
2025-07-02 11:50:12.526 [http-nio-8080-exec-1] INFO  o.s.web.servlet.DispatcherServlet - Initializing Servlet 'dispatcherServlet'
2025-07-02 11:50:12.529 [http-nio-8080-exec-1] INFO  o.s.web.servlet.DispatcherServlet - Completed initialization in 2 ms
2025-07-02 11:50:12.640 [http-nio-8080-exec-1] INFO  c.payroll.texas.service.AuthService - Login attempt for email: dinesh.n@gvkss.com
2025-07-02 11:50:13.189 [http-nio-8080-exec-1] INFO  c.payroll.texas.service.AuthService - Login successful for user: dinesh.n@gvkss.com (ID: 6)
2025-07-02 11:52:20.836 [RMI TCP Connection(13)-127.0.0.1] INFO  o.s.b.a.SpringApplicationAdminMXBeanRegistrar$SpringApplicationAdmin - Application shutdown requested.
2025-07-02 11:52:20.841 [RMI TCP Connection(13)-127.0.0.1] INFO  o.s.b.w.e.tomcat.GracefulShutdown - Commencing graceful shutdown. Waiting for active requests to complete
2025-07-02 11:52:20.980 [tomcat-shutdown] INFO  o.s.b.w.e.tomcat.GracefulShutdown - Graceful shutdown complete
2025-07-02 11:52:24.441 [restartedMain] INFO  c.payroll.texas.PayrollApplication - Starting PayrollApplication using Java 17.0.12 with PID 18616 (C:\Users\HP\Desktop\texas-payroll\gvkss-payrollbackend\payroll\target\classes started by HP in C:\Users\HP\Desktop\texas-payroll\gvkss-payrollbackend\payroll)
2025-07-02 11:52:24.443 [restartedMain] INFO  c.payroll.texas.PayrollApplication - No active profile set, falling back to 1 default profile: "default"
2025-07-02 11:52:24.479 [restartedMain] INFO  o.s.b.d.e.DevToolsPropertyDefaultsPostProcessor - Devtools property defaults active! Set 'spring.devtools.add-properties' to 'false' to disable
2025-07-02 11:52:24.479 [restartedMain] INFO  o.s.b.d.e.DevToolsPropertyDefaultsPostProcessor - For additional web related logging consider setting the 'logging.level.web' property to 'DEBUG'
2025-07-02 11:52:25.622 [restartedMain] INFO  o.s.b.w.e.tomcat.TomcatWebServer - Tomcat initialized with port 8080 (http)
2025-07-02 11:52:25.676 [restartedMain] INFO  o.s.b.w.s.c.ServletWebServerApplicationContext - Root WebApplicationContext: initialization completed in 1196 ms
2025-07-02 11:52:26.119 [restartedMain] INFO  org.flywaydb.core.FlywayExecutor - Database: jdbc:postgresql://localhost:5432/texas_payroll (PostgreSQL 17.5)
2025-07-02 11:52:26.282 [restartedMain] INFO  o.f.core.internal.command.DbMigrate - Current version of schema "public": 8
2025-07-02 11:52:26.290 [restartedMain] INFO  o.f.core.internal.command.DbMigrate - Schema "public" is up to date. No migration necessary.
2025-07-02 11:52:26.838 [restartedMain] WARN  org.hibernate.orm.deprecation - HHH90000025: PostgreSQLDialect does not need to be specified explicitly using 'hibernate.dialect' (remove the property setting and it will be selected by default)
2025-07-02 11:52:28.685 [restartedMain] WARN  o.s.b.a.o.j.JpaBaseConfiguration$JpaWebConfiguration - spring.jpa.open-in-view is enabled by default. Therefore, database queries may be performed during view rendering. Explicitly configure spring.jpa.open-in-view to disable this warning
2025-07-02 11:52:28.999 [restartedMain] INFO  o.s.b.d.a.OptionalLiveReloadServer - LiveReload server is running on port 35729
2025-07-02 11:52:29.033 [restartedMain] INFO  o.s.b.w.e.tomcat.TomcatWebServer - Tomcat started on port 8080 (http) with context path '/'
2025-07-02 11:52:29.041 [restartedMain] INFO  c.payroll.texas.PayrollApplication - Started PayrollApplication in 5.104 seconds (process running for 5.625)
2025-07-02 11:52:42.778 [http-nio-8080-exec-1] INFO  o.s.web.servlet.DispatcherServlet - Initializing Servlet 'dispatcherServlet'
2025-07-02 11:52:42.784 [http-nio-8080-exec-1] INFO  o.s.web.servlet.DispatcherServlet - Completed initialization in 6 ms
2025-07-02 12:09:06.492 [RMI TCP Connection(27)-127.0.0.1] INFO  o.s.b.a.SpringApplicationAdminMXBeanRegistrar$SpringApplicationAdmin - Application shutdown requested.
2025-07-02 12:09:06.499 [RMI TCP Connection(27)-127.0.0.1] INFO  o.s.b.w.e.tomcat.GracefulShutdown - Commencing graceful shutdown. Waiting for active requests to complete
2025-07-02 12:09:06.851 [tomcat-shutdown] INFO  o.s.b.w.e.tomcat.GracefulShutdown - Graceful shutdown complete
